Center point 1:[18.7027027   9.69685551]
Center point 2:[9.35789474 3.60384615]
Center point 3:[51.49593496 33.43261413]
Center point 4:[31.32692308 16.66309172]
Center point 5:[2.40604027 0.39765101]

Center point 1:[18.7027027   9.69685551]
[21.          9.63461539]
[14.          8.69230769]
[19.          8.26923077]
[18.          8.46153846]
[15.          8.65384615]
[18.         10.36538462]
[21.         11.55769231]
[19.          9.03846154]
[25.         11.82692308]
[17.          8.94230769]
[15.          8.88461539]
[18.          9.36538461]
[21.         10.28846154]
[25.         12.07692308]
[17.   8.5]
[16.          9.09615385]
[19.         11.61538462]
[17.          8.82692308]
[14.          8.96153846]
[17.          9.40384615]
[19.   8.5]
[15.   9.5]
[19.          9.01923077]
[16.          8.90384615]
[17.          8.53846154]
[16.          8.78846154]
[17.          8.71153846]
[16.          8.78846154]
[21.         12.30769231]
[21.          9.28846154]
[14.    8.25]
[21.         10.71153846]
[17.          9.40384615]
[18.          8.86538461]
[16.          9.36538461]
[18.         10.98076923]
[16.          9.32692308]
[22.          9.65384615]
[16.          8.86538461]
[19.          8.92307692]
[18.          8.36538461]
[21.          9.48076923]
[19.          9.03846154]
[16.          8.44230769]
[16.          9.19230769]
[14.          9.34615385]
[16.          9.11538461]
[22.          9.34615385]
[16.          8.34615385]
[15.          8.26923077]
[16.          9.09615385]
[18.          8.63461539]
[19.          8.94230769]
[16.          9.84615385]
[21.          9.65384615]
[15.          8.61538461]
[18.          9.61538461]
[20.         10.23076923]
[17.          9.90384615]
[23.         12.55769231]
[19.         11.32692308]
[16.          9.42307692]
[19.          9.46153846]
[16.          9.34615385]
[25.         12.30769231]
[18.          9.19230769]
[25.          9.32692308]
[16.          9.11538461]
[16.          8.26923077]
[16.          9.26923077]
[18.          9.69230769]
[16.          9.11538461]
[23.          9.07692308]
[15.          8.84615385]
[15.          9.09615385]
[22.          9.86538461]
[20.          9.65384615]
[21. 12.]
[18.          9.07692308]
[23.         12.01923077]
[18.          9.15384615]
[20.          8.78846154]
[24.         12.36538462]
[20.          7.96153846]
[25.          8.88461539]
[16.          9.61538461]
[20.         12.01923077]
[21.   10.75]
[18.          8.32692308]
[21.         10.69230769]
[20.         10.71153846]
[19.          8.98076923]
[18.          8.78846154]
[22.         12.51923077]
[21.         11.19230769]
[23.         12.13461538]
[17.          8.76923077]
[15.          7.28846154]
[21.         11.42307692]
[17.          9.19230769]
[22.         11.57692308]
[18.          9.67307692]
[22.         12.17307692]
[21.         10.11538462]
[19.         10.67307692]
[19.         11.36538462]
[22.          9.86538461]
[21.         12.21153846]
[19.         10.86538462]
[22.         10.88461538]
[19.         12.65384615]
[18.          9.09615385]
[19.          9.07692308]
[22.         11.59615385]
[16.          9.26923077]
[21.         10.69230769]
[21.         10.73076923]
[17.         10.32692308]
[20.         11.53846154]
[21.         11.57692308]
[17.         10.09615385]
[19.          9.19230769]
[16.          9.15384615]
[15.          8.69230769]
[20.         10.32692308]
[21.         11.90384615]
[22.         11.26923077]
[18.          9.59615385]
[19.          8.65384615]
[26.          9.23076923]
[15.          8.48076923]
[25.         12.23076923]
[17.          8.88461539]
[17.          9.34615385]
[18.          8.92307692]
[18.          9.84615385]
[14.          8.40384615]
[18.          9.26923077]
[26.          8.65384615]
[18.          8.84615385]
[19. 10.]
[17.          9.44230769]
[17.          9.96153846]
[16.          8.90384615]
[19.         11.40384615]
[20.          7.32692308]
[17.          5.78846154]
[16.          5.11538461]
Center point 2:[9.35789474 3.60384615]
[10.          3.98076923]
[11.          4.23076923]
[10.          4.09615385]
[9.         3.90384615]
[9.         4.13461539]
[10.   4.5]
[10.   4.5]
[9.         4.03846154]
[10.          3.96153846]
[8.   3.75]
[9.         2.84615385]
[14.          4.57692308]
[10.          4.34615385]
[7.         3.59615385]
[11.          4.61538461]
[11.          4.32692308]
[7.   2.25]
[9.         3.86538461]
[9.         3.94230769]
[12.    4.25]
[10.          3.92307692]
[8.         3.59615385]
[9.         3.46153846]
[9.         4.07692308]
[9.         4.38461539]
[11.          3.92307692]
[12.          4.34615385]
[8.         3.32692308]
[9.         3.78846154]
[10.          6.07692308]
[6.         2.63461539]
[12.          5.65384615]
[8.         1.05769231]
[6.         1.98076923]
[9.         3.48076923]
[9.         3.51923077]
[10.          3.71153846]
[10.          3.78846154]
[11.          4.44230769]
[10.          4.21153846]
[10.          3.92307692]
[9.         3.94230769]
[9.         4.28846154]
[11.          4.07692308]
[9.         4.17307692]
[8.         3.84615385]
[12.          4.92307692]
[9.         4.07692308]
[13.          4.36538461]
[10.          3.98076923]
[9.         4.46153846]
[12.          4.34615385]
[11.          4.07692308]
[10.          4.23076923]
[13.          3.98076923]
[10.          4.21153846]
[9.         4.34615385]
[9.         3.67307692]
[10.          4.21153846]
[11.          4.15384615]
[8.         3.71153846]
[8.         4.05769231]
[12.          4.11538461]
[11.          4.07692308]
[9.         3.88461539]
[9.         4.01923077]
[10.          4.44230769]
[10.          4.01923077]
[10.          4.73076923]
[8.   3.25]
[9.  3.5]
[8.         3.86538461]
[9.         2.61538461]
[8.         3.23076923]
[6.         2.30769231]
[6.         1.98076923]
[8.         2.55769231]
[10.          3.78846154]
[7.         2.19230769]
[10.          5.09615385]
[6.         2.53846154]
[10.          3.67307692]
[9.         3.05769231]
[7.   2.25]
[12.          5.38461539]
[9.         3.92307692]
[11.          3.55769231]
[7.         2.19230769]
[7.         2.13461539]
[10.          3.21153846]
[9.         2.94230769]
[7.         2.48076923]
[7.         2.67307692]
[9.         2.59615385]
[11.          5.36538461]
[9.  2.5]
[8.         2.34615385]
[6.         2.34615385]
[10.          3.80769231]
[9.         3.26923077]
[8.  3.5]
[9.         3.21153846]
[7.         3.38461539]
[14.          6.13461539]
[16.          4.07692308]
[9.         2.61538461]
[13.          6.11538461]
[7.         2.55769231]
[10.          4.38461539]
[8.         4.42307692]
[9.         4.46153846]
[8.         3.82692308]
[13.          6.23076923]
[11.          5.09615385]
[13.          5.65384615]
[10.          4.88461539]
[9.         3.88461539]
[11.          3.90384615]
[9.         4.23076923]
[9.         3.82692308]
[11.          3.23076923]
[7.         2.67307692]
[8.         2.51923077]
[13.          5.32692308]
[11.    3.25]
[7.         3.30769231]
[9.         3.13461539]
[6.         2.38461539]
[7.         2.69230769]
[7.         3.07692308]
[14.          6.03846154]
[9.         3.55769231]
[6.         2.09615385]
[7.         1.48076923]
[9.         3.61538461]
[8.         2.67307692]
[8.         3.34615385]
[9.         3.28846154]
[10.          2.65384615]
[12.          5.48076923]
[16.          3.82692308]
[8.         2.19230769]
[10.          3.44230769]
[11.    3.75]
[10.          3.55769231]
[14.          5.46153846]
[10.          4.88461539]
[9.         4.23076923]
[6.  2.5]
[8.         3.40384615]
[9.         3.07692308]
[10.          4.40384615]
[10.          3.11538461]
[6.         2.55769231]
[8.         2.26923077]
[7.         2.55769231]
[7.         2.32692308]
[9.         3.03846154]
[10.          3.01923077]
[6.         2.61538461]
[12.          3.03846154]
[7.         1.34615385]
[7.         2.78846154]
[12.          5.23076923]
[9.         2.90384615]
[12.          3.17307692]
[11.          3.96153846]
[8.         1.32692308]
[8.         3.63461539]
[8.         3.38461539]
[6.         2.26923077]
[7.         1.30769231]
[11.          3.40384615]
[10.          3.15384615]
[8.         2.42307692]
[13.          5.51923077]
[9.         3.01923077]
[10.          3.32692308]
[9.         2.94230769]
[6.         2.28846154]
[11.          4.82692308]
[12.          2.88461539]
[9.         3.55769231]
[7.         2.92307692]
[8.         2.65384615]
[11.          5.17307692]
[14.          3.11538461]
[9.         3.53846154]
[8.         2.34615385]
[7.         2.73076923]
Center point 3:[51.49593496 33.43261413]
[52.         34.71153846]
[54.         36.05769231]
[52.         33.94230769]
[48.         32.34615385]
[48.         32.44230769]
[53.         36.09615385]
[48.         30.80769231]
[52.         34.69230769]
[44.         32.61538462]
[46.  32.5]
[55.         37.15384615]
[49.         34.71153846]
[61.         35.44230769]
[56.         35.73076923]
[61.         36.38461538]
[54.         33.76923077]
[51.         35.84615385]
[50.         34.96153846]
[48.         32.11538462]
[61.         36.78846154]
[50.         32.53846154]
[54.   31.75]
[53. 33.]
[58.         33.42307692]
[52.         34.69230769]
[49.         34.55769231]
[48.         32.98076923]
[52.         35.76923077]
[47.         31.57692308]
[47.         32.71153846]
[51.         33.15384615]
[48.         33.42307692]
[51.         32.98076923]
[50.         32.13461538]
[55.         35.05769231]
[52.         31.71153846]
[50.         35.42307692]
[47.         32.53846154]
[48.         33.57692308]
[50.         32.07692308]
[55.         34.86538462]
[56.         32.82692308]
[56.         35.28846154]
[51.         32.36538462]
[47.         31.94230769]
[53.         32.34615385]
[51.         30.73076923]
[63.         34.84615385]
[62.         33.69230769]
[52.         31.69230769]
[46.         32.76923077]
[42.         31.59615385]
[45.         31.26923077]
[49.         32.21153846]
[47.         32.86538462]
[59.         36.46153846]
[57.         34.67307692]
[49.         31.61538462]
[52.         35.55769231]
[44.         31.59615385]
[57.         34.76923077]
[43. 31.]
[49.         33.15384615]
[52.         33.19230769]
[50.         35.09615385]
[52.         35.23076923]
[53.         33.94230769]
[49.         33.55769231]
[58.         34.98076923]
[48.   34.25]
[57.         35.40384615]
[56.         36.92307692]
[55.   35.75]
[54.         36.42307692]
[51.         31.98076923]
[48.         32.88461538]
[46.         33.36538462]
[45.         32.23076923]
[46.         31.98076923]
[49.         32.57692308]
[48.         33.30769231]
[59.         34.34615385]
[52.         31.09615385]
[52.         32.90384615]
[50.         34.69230769]
[54.         36.48076923]
[53.         36.26923077]
[53.         35.07692308]
[53.         32.92307692]
[56.         33.07692308]
[53.         37.01923077]
[55.         36.61538462]
[55.         35.63461538]
[50.         32.78846154]
[47.         31.48076923]
[50.         31.09615385]
[52.         34.28846154]
[50. 34.]
[51.         34.59615385]
[47.         30.36538462]
[52.         32.26923077]
[51.         32.26923077]
[54.         36.76923077]
[57.         35.65384615]
[48.         32.38461538]
[60.   35.75]
[43.         31.01923077]
[47.         32.63461538]
[51.         31.63461538]
[63.         32.32692308]
[73.         42.69230769]
[42.         24.78846154]
[54.         32.51923077]
[44.         31.44230769]
[46.         25.28846154]
[50.         24.32692308]
[52.         31.84615385]
[51.         34.26923077]
[52.         32.15384615]
[42.         30.63461538]
[62.         32.65384615]
[46.         32.55769231]
[45.         32.17307692]
Center point 4:[31.32692308 16.66309172]
[33.         19.42307692]
[28.         17.92307692]
[27.         16.03846154]
[29.         11.13461538]
[27.         17.71153846]
[35.         17.40384615]
[25.         15.48076923]
[28.         12.15384615]
[36.         20.55769231]
[44.         18.05769231]
[35.         18.46153846]
[38.         19.80769231]
[29.         17.88461538]
[37.         18.46153846]
[27.         12.61538462]
[26.         12.69230769]
[31.         15.73076923]
[28.         15.82692308]
[35.         18.57692308]
[29.         13.28846154]
[31.         18.42307692]
[32.         16.53846154]
[35.         17.01923077]
[30.         16.67307692]
[30.         18.17307692]
[30.         17.82692308]
[30.         11.78846154]
[31.         15.88461538]
[36.         15.59615385]
[28.         15.32692308]
[36.         16.82692308]
[35.         18.51923077]
[27.         17.73076923]
[31.         18.63461538]
[30.         18.59615385]
[34.         15.69230769]
[24.         15.76923077]
[41.         24.09615385]
[37.   18.25]
[29.         17.69230769]
[28.         12.67307692]
[27.         17.46153846]
[28.         15.94230769]
[32.         18.38461538]
[32.         15.11538462]
[30.         18.19230769]
[26.         13.09615385]
[43.         22.17307692]
[28.         12.82692308]
[34.         16.67307692]
[30.         16.44230769]
[27.         13.21153846]
Center point 5:[2.40604027 0.39765101]
[5.         2.34615385]
[3.         0.42307692]
[2.         0.23076923]
[4.   0.25]
[1.         0.01923077]
[2.         0.19230769]
[1.         0.13461539]
[2.         0.09615385]
[2.         0.30769231]
[2.   0.25]
[2.         0.28846154]
[2.         0.21153846]
[2.         0.19230769]
[2.         0.46153846]
[1.         0.23076923]
[2.         0.17307692]
[2.         0.11538461]
[1.         0.03846154]
[1.         0.17307692]
[1.         0.03846154]
[2.         0.17307692]
[1.         0.05769231]
[1.         0.11538461]
[2.         0.07692308]
[1.         0.15384615]
[1.         0.09615385]
[2.         0.09615385]
[2.         0.26923077]
[2.         0.21153846]
[3.         0.21153846]
[2.   0.25]
[2.         0.23076923]
[1.         0.07692308]
[2.         0.17307692]
[3.         0.26923077]
[2.         0.13461539]
[3.         0.36538462]
[2.         0.23076923]
[1.         0.07692308]
[1.         0.03846154]
[1.         0.01923077]
[2.         0.15384615]
[1.         0.03846154]
[1.         0.01923077]
[1.         0.07692308]
[3.         0.65384615]
[2.         0.09615385]
[1.         0.01923077]
[1.         0.09615385]
[3.         0.40384615]
[2.         0.19230769]
[2.         0.13461539]
[2.         0.07692308]
[2.         0.05769231]
[2.         0.26923077]
[1.         0.13461539]
[1.         0.03846154]
[1.         0.13461539]
[4.         0.96153846]
[3.         0.63461539]
[5.         0.51923077]
[6.         1.17307692]
[3.         0.84615385]
[2.         0.40384615]
[2.         0.26923077]
[4.         1.21153846]
[3.         0.57692308]
[4.         1.57692308]
[2.         0.32692308]
[2.         0.38461538]
[2.         0.44230769]
[2.         0.30769231]
[2.         0.15384615]
[1.         0.05769231]
[1.         0.11538461]
[1.         0.07692308]
[1.         0.07692308]
[5.         1.23076923]
[3.         0.98076923]
[4.         1.15384615]
[2.         0.51923077]
[5.         1.44230769]
[5.         1.13461539]
[3.         0.57692308]
[2.         0.59615385]
[3.         0.59615385]
[2.         0.38461538]
[2.   0.25]
[2.         0.05769231]
[1.         0.03846154]
[1.         0.03846154]
[1.         0.03846154]
[2.         0.30769231]
[1.         0.05769231]
[5.         1.34615385]
[5.         1.09615385]
[2.         0.48076923]
[3.         0.30769231]
[2.         0.23076923]
[1.         0.09615385]
[1.         0.03846154]
[5.         0.78846154]
[1.   0.25]
[2.         0.30769231]
[1.         0.07692308]
[1.         0.11538461]
[2.         0.17307692]
[1.         0.03846154]
[3.         0.44230769]
[2.         0.42307692]
[1.         0.28846154]
[1.         0.26923077]
[2.         0.40384615]
[2.         0.30769231]
[1.         0.07692308]
[3.         0.23076923]
[3.         0.23076923]
[3.         0.26923077]
[4.         0.48076923]
[4.         0.40384615]
[3.         0.32692308]
[2.         0.28846154]
[3.         0.28846154]
[2.         0.19230769]
[2.         0.15384615]
[3.         0.46153846]
[3.         0.48076923]
[2.         0.07692308]
[2.   0.25]
[2.         0.26923077]
[2.         0.36538462]
[2.         0.21153846]
[1.         0.13461539]
[1.         0.11538461]
[2.         0.13461539]
[1.         0.11538461]
[1.         0.05769231]
[1.         0.03846154]
[1.         0.03846154]
[1.         0.01923077]
[2.         0.13461539]
[1.         0.03846154]
[2.         0.23076923]
[1.         0.05769231]
[1.         0.05769231]
[4.         1.13461539]
[3.         0.76923077]
[5.         1.05769231]
[5.         0.90384615]
[3.         0.40384615]
[5.         1.32692308]
[3.         0.63461539]
[2.         0.32692308]
[5.         1.38461539]
[2.         0.53846154]
[3.         0.44230769]
[2.         0.28846154]
[3.   0.75]
[3.         0.26923077]
[1.         0.15384615]
[4.         1.32692308]
[6.         1.21153846]
[6.         1.30769231]
[6.         1.67307692]
[4.         0.78846154]
[3.         0.55769231]
[2.         0.26923077]
[5.         1.21153846]
[5.         0.84615385]
[1.   0.25]
[5.         0.44230769]
[2.         0.19230769]
[2.         0.09615385]
[1.         0.03846154]
[1.         0.03846154]
[2.         0.11538461]
[1.         0.03846154]
[1.         0.05769231]
[2.         0.36538462]
[2.         0.19230769]
[3.   0.25]
[1.         0.03846154]
[2.         0.11538461]
[1.         0.03846154]
[1.         0.11538461]
[2.         0.15384615]
[1.         0.11538461]
[2.         0.13461539]
[1.         0.05769231]
[1.         0.07692308]
[3.         0.73076923]
[3.         0.42307692]
[3.   0.25]
[2.         0.21153846]
[1.         0.21153846]
[1.         0.05769231]
[1.         0.09615385]
[3.   0.75]
[2.         0.34615385]
[2.         0.21153846]
[1.         0.09615385]
[1.         0.11538461]
[2.         0.17307692]
[1.         0.01923077]
[1.         0.13461539]
[2.         0.07692308]
[1.         0.07692308]
[1.         0.01923077]
[2.         0.07692308]
[4.         1.01923077]
[3.         0.61538461]
[4.         0.40384615]
[3.         0.44230769]
[2.         0.26923077]
[2.         0.30769231]
[2.   0.25]
[2.         0.21153846]
[4.         0.44230769]
[5. 1.]
[5.         0.88461539]
[4.   0.75]
[5.         1.26923077]
[4.         0.73076923]
[1.         0.03846154]
[1.         0.17307692]
[1.         0.05769231]
[2.         0.07692308]
[1.         0.13461539]
[1.         0.07692308]
[1.         0.05769231]
[1.         0.15384615]
[2.         0.30769231]
[1.         0.05769231]
[2.         0.15384615]
[1.         0.01923077]
[1.         0.03846154]
[1.         0.09615385]
[4.         1.11538461]
[4.         0.78846154]
[2.         0.23076923]
[1.         0.09615385]
[3.         0.30769231]
[3.         0.71153846]
[2.         0.42307692]
[4.         0.34615385]
[6.         1.19230769]
[3.         0.67307692]
[2.         0.30769231]
[1.         0.19230769]
[2.         0.23076923]
[4. 1.]
[4.         0.94230769]
[1.         0.17307692]
[6.         1.21153846]
[4.         0.67307692]
[3.         0.67307692]
[3.         0.34615385]
[3.         0.40384615]
[5.         2.11538461]
[3.         0.90384615]
[3.         0.94230769]
[3.         0.42307692]
[2.         0.32692308]
[2.         0.28846154]
[2.         0.23076923]
[2.         0.19230769]
[1.         0.03846154]
[1.         0.05769231]
[6.         1.71153846]
[1.         0.03846154]
[4.         0.78846154]
[3.         0.48076923]
[6.         1.28846154]
[2.         0.28846154]
[2.         0.28846154]
[2.         0.26923077]
[2.         0.17307692]
[1.         0.11538461]
[1.         0.07692308]
[2.         0.30769231]
[2.         0.21153846]
[2.         0.15384615]
[4.         0.23076923]
[3.         0.15384615]
[5.         2.13461539]
[4.         1.42307692]
[5.         0.65384615]
[3.         0.44230769]
[5.         1.46153846]
[4.         0.73076923]
[6.         1.30769231]
[4.         0.76923077]
[3.         0.38461538]
[6.         1.53846154]
[3.         0.44230769]
[4.  0.5]
[2.         0.32692308]
[3.         0.30769231]
